A 开头
active、add、add alias、add volume、append、arp、assign、assoc、at、atmadm、attach-vdisk、attrib、attributes、attributes disk、attributes volume、auditpol、auditpol backup、auditpol clear、auditpol get、auditpol list、auditpol remove、auditpol resourcesacl、auditpol restore、auditpol set、autochk、autoconv、autofmt、automount
B 开头
bcdboot、bcdedit、bdehdcfg、bdehdcfg driveinfo、bdehdcfg newdriveletter、bdehdcfg quiet、bdehdcfg restart、bdehdcfg size、bdehdcfg target、begin backup、begin restore、bitsadmin、bitsadmin addfile、bitsadmin addfileset、bitsadmin addfilewithranges、bitsadmin cache、bitsadmin cache 和 delete、bitsadmin cache 和 deleteurl、bitsadmin cache 和 getexpirationtime、bitsadmin cache 和 getlimit、bitsadmin cache 和 help、bitsadmin cache 和 info、bitsadmin cache 和 list、bitsadmin cache 和 setexpirationtime、bitsadmin cache 和 setlimit、bitsadmin cache 和 clear、bitsadmin cancel、bitsadmin complete、bitsadmin create、bitsadmin 示例、bitsadmin getaclflags、bitsadmin getbytestotal、bitsadmin getbytestransferred、bitsadmin getclientcertificate、bitsadmin getcompletiontime、bitsadmin getcreationtime、bitsadmin getcustomheaders、bitsadmin getdescription、bitsadmin getdisplayname、bitsadmin geterror、bitsadmin geterrorcount、bitsadmin getfilestotal、bitsadmin getfilestransferred、bitsadmin gethelpertokenflags、bitsadmin gethelpertokensid、bitsadmin gethttpmethod、bitsadmin getmaxdownloadtime、bitsadmin getminretrydelay、bitsadmin getmodificationtime、bitsadmin getnoprogresstimeout、bitsadmin getnotifycmdline、bitsadmin getnotifyflags、bitsadmin getnotifyinterface、bitsadmin getowner、bitsadmin getpeercachingflags、bitsadmin getpriority、bitsadmin getproxybypasslist、bitsadmin getproxylist、bitsadmin getproxyusage、bitsadmin getreplydata、bitsadmin getreplyfilename、bitsadmin getreplyprogress、bitsadmin getsecurityflags、bitsadmin getstate、bitsadmin gettemporaryname、bitsadmin gettype、bitsadmin getvalidationstate、bitsadmin help、bitsadmin info、bitsadmin list、bitsadmin listfiles、bitsadmin makecustomheaderswriteonly、bitsadmin monitor、bitsadmin nowrap、bitsadmin peercaching、bitsadmin peercaching 和 getconfigurationflags、bitsadmin peercaching 和 help、bitsadmin peercaching 和 setconfigurationflags、bitsadmin peers、bitsadmin peers 和 clear、bitsadmin peers 和 discover、bitsadmin peers 和 help、bitsadmin peers 和 list、bitsadmin rawreturn、bitsadmin removeclientcertificate、bitsadmin removecredentials、bitsadmin replaceremoteprefix、bitsadmin reset、bitsadmin resume、bitsadmin setaclflag、bitsadmin setclientcertificatebyid、bitsadmin setclientcertificatebyname、bitsadmin setcredentials、bitsadmin setcustomheaders、bitsadmin setdescription、bitsadmin setdisplayname、bitsadmin sethelpertoken、bitsadmin sethelpertokenflags、bitsadmin sethttpmethod、bitsadmin setmaxdownloadtime、bitsadmin setminretrydelay、bitsadmin setnoprogresstimeout、bitsadmin setnotifycmdline、bitsadmin setnotifyflags、bitsadmin setpeercachingflags、bitsadmin setpriority、bitsadmin setproxysettings、bitsadmin setreplyfilename、bitsadmin setsecurityflags、bitsadmin setvalidationstate、bitsadmin suspend、bitsadmin takeownership、bitsadmin transfer、bitsadmin util、bitsadmin util 和 enableanalyticchannel、bitsadmin util 和 getieproxy、bitsadmin util 和 help、bitsadmin util 和 repairservice、bitsadmin util 和 setieproxy、bitsadmin util 和 version、bitsadmin wrap、bootcfg、bootcfg addsw、bootcfg copy、bootcfg dbg1394、bootcfg debug、bootcfg default、bootcfg delete、bootcfg ems、bootcfg query、bootcfg raw、bootcfg rmsw、bootcfg timeout、break
C 开头
cacls、call、cd、certreq、certutil、change、change logon、change port、change user、chcp、chdir、chglogon、chgport、chgusr、chkdsk、chkntfs、choice、cipher、clean、cleanmgr、clip、cls、cmd、cmdkey、cmstp、color、comp、compact、compact vdisk、convert、convert basic、convert dynamic、convert gpt、convert mbr、copy、cprofile、create、create partition efi、创建扩展分区、create partition logical、create partition msr、create partition primary、create volume mirror、create volume raid、create volume simple、create volume stripe、cscript
D 开头
date、dcgpofix、defrag、del、delete、delete disk、delete partition、delete shadows、delete volume、detach vdisk、detail、detail disk、detail partition、detail vdisk、detail volume、dfsdiag、dfsdiag testdcs、dfsdiag testdfsconfig、dfsdiag testdfsintegrity、dfsdiag testreferral、dfsdiag testsites、dfsrmig、diantz、dir、diskcomp、diskcopy、diskpart、diskperf、diskraid、diskshadow、dispdiag、dnscmd、doskey、driverquery
E 开头
echo、edit、endlocal、end restore、erase、eventcreate、eventquery、eventtriggers、Evntcmd、exec、exit、expand、expand vdisk、expose、extend、extract
F 开头
fc、filesystems、find、findstr、finger、flattemp、fondue、for、forfiles、format、freedisk、fsutil、fsutil 8dot3name、fsutil behavior、fsutil dirty、fsutil file、fsutil fsinfo、fsutil hardlink、fsutil objectid、fsutil quota、fsutil repair、fsutil reparsepoint、fsutil resource、fsutil sparse、fsutil tiering、fsutil transaction、fsutil usn、fsutil volume、fsutil wim、ftp、ftp append、ftp ascii、ftp bell、ftp binary、ftp bye、ftp cd、ftp close、ftp debug、ftp delete、ftp dir、ftp disconnect、ftp get、ftp glob、ftp hash、ftp lcd、ftp literal、ftp ls、ftp mget、ftp mkdir、ftp mls、ftp mput、ftp open、ftp prompt、ftp put、ftp pwd、ftp quit、ftp quote、ftp recv、ftp remotehelp、ftp rename、ftp rmdir、ftp send、ftp status、ftp trace、ftp type、ftp user、ftp verbose、ftp mdir、ftype、fveupdate
G 开头
getmac、gettype、goto、gpfixup、gpresult、gpt、graftabl
H 开头
help
L 开头
label、logoff、lpq、lpr
M 开头
macfile、mapadmin、md、merge vdisk、mkdir、mklink、mmc、mode、more、mount、mountvol、move、mqbkup、mqsvc、mqtgsvc、msdt、msg、msiexec、msinfo32、mstsc
N 开头
nbtstat、netcfg、netdom、net print、netsh、netstat、nfsstat、nlbmgr、nltest、nslookup、nslookup exit 命令、nslookup finger 命令、nslookup ls、nslookup lserver、nslookup server、nslookup set、nslookup set class、nslookup set d2、nslookup set debug、nslookup set domain、nslookup set port、nslookup set querytype、nslookup set recurse、nslookup set retry、nslookup set root、nslookup set search、nslookup set srchlist、nslookup set timeout、nslookup set type、nslookup set vc、nslookup view、ntbackup、ntcmdprompt、ntfrsutl
O 开头
offline、offline disk、offline volume、online、online disk、online volume、openfiles
P 开头
pagefileconfig、path、pathping、pause、pbadmin、pentnt、perfmon、ping、pktmon、pnpunattend、pnputil、popd、powershell、powershell ise、print、prncnfg、prndrvr、prnjobs、prnmngr、prnport、prnqctl、prompt、pubprn、pushd、pushprinterconnections、pwlauncher、pwsh
Q 开头
qappsrv、qprocess、查询、query process、query session、query termserver、query user、quser、qwinsta
R 开头
rcp、rd、rdpsign、recover、recover disk group、refsutil、reg、reg add、reg compare、reg copy、reg delete、reg export、reg import、reg load、reg query、reg restore、reg save、reg unload、regini、regsvr32、relog、rem、删除、ren、rename、repadmin、repair、repair bde、replace、rescan、reset、reset session、retain、revert、rexec、risetup、rmdir、robocopy、route ws2008、rpcinfo、rpcping、rsh、rundll32、rundll32 printui、rwinsta
S 开头
san、sc config、sc create、sc delete、sc query、schtasks、scwcmd、scwcmd analyze、scwcmd configure、scwcmd register、scwcmd rollback、scwcmd transform、scwcmd view、secedit、secedit analyze、secedit configure、secedit export、secedit generaterollback、secedit import、secedit validate、select、select disk、select partition、select vdisk、select volume、serverceipoptin、servermanagercmd、serverweroptin、set environmental variables、set shadow copy、set context、set id、setlocal、set metadata、set option、set verbose、setx、sfc、shadow、shift、showmount、shrink、shutdown、simulate restore、sort、start、subcommand set device、subcommand set drivergroup、subcommand set drivergroupfilter、subcommand set driverpackage、subcommand set image、subcommand set imagegroup、subcommand set server、subcommand set transportserver、subcommand set multicasttransmission、subcommand start namespace、subcommand start server、subcommand start transportserver、subcommand stop server、subcommand stop transportserver、subst、sxstrace、sysocmgr、systeminfo
T 开头
takeown、tapicfg、taskkill、tasklist、tcmsetup、telnet、telnet close、telnet display、telnet open、telnet quit、telnet send、telnet set、telnet status、telnet unset、tftp、time、timeout、title、tlntadmn、tpmtool、tpmvscmgr、tracerpt、tracert、tree、tscon、tsdiscon、tsecimp、tskill、tsprof、type、typeperf、tzutil
U 开头
unexpose、uniqueid、unlodctr
V 开头
ver、verifier、verify、vol、vssadmin、vssadmin delete shadows、vssadmin list shadows、vssadmin list writers、vssadmin resize shadowstorage
W 开头
waitfor、wbadmin、wbadmin delete catalog、wbadmin delete systemstatebackup、wbadmin disable backup、wbadmin enable backup、wbadmin get disks、wbadmin get items、wbadmin get status、wbadmin get versions、wbadmin restore catalog、wbadmin start backup、wbadmin start recovery、wbadmin start sysrecovery、wbadmin start systemstatebackup、wbadmin start systemstaterecovery、wbadmin stop job、wdsutil、wecutil、wevtutil、where、whoami、winnt、winnt32、winpop、winrs、winsat mem、winsat mfmedia、wmic、writer、wscript
X 开头
xcopy